<?xml version="1.0" encoding="UTF-8"?>
<testsuite xmlns:xsi="http://www.w3.org/2001/XMLSchema-instance" xsi:noNamespaceSchemaLocation="https://maven.apache.org/surefire/maven-surefire-plugin/xsd/surefire-test-report-3.0.xsd" version="3.0" name="StepDefinitions.TestRunner" time="17.25" tests="2" errors="0" skipped="0" failures="0">
  <properties>
[...]
</properties>
  <testcase name="Create Sample order in Givconnect" classname="Order Creation Feature" time="9.988">
    <system-out><![CDATA[
Scenario: Create Sample order in Givconnect     &amp#27;[90m# src/test/resources/Features/order.feature:6&amp#27;[0m
Login
Inside step1
  &amp#27;[32mGiven &amp#27;[0m&amp#27;[32mNavigate to Givconnect Portal Home Page&amp#27;[0m &amp#27;[90m# StepDefinitions.OrderStepDefinition.navigate_to_Givconnect_Portal_Home_Page()&amp#27;[0m
]]></system-out>
    <system-err><![CDATA[SLF4J(W): No SLF4J providers were found.
SLF4J(W): Defaulting to no-operation (NOP) logger implementation
SLF4J(W): See https://www.slf4j.org/codes.html#noProviders for further details.
Dec 04, 2024 2:19:24 PM org.openqa.selenium.devtools.CdpVersionFinder findNearestMatch
WARNING: Unable to find CDP implementation matching 131
Dec 04, 2024 2:19:24 PM org.openqa.selenium.chromium.ChromiumDriver lambda$new$5
WARNING: Unable to find version of CDP to use for 131.0.6778.86. You may need to include a dependency on a specific version of the CDP using something similar to `org.seleniumhq.selenium:selenium-devtools-v86:4.18.1` where the version ("v86") matches the version of the chromium-based browser you're using and the version number of the artifact is the same as Selenium's.
]]></system-err>
  </testcase>
  <testcase name="Create Sample order in Givconnect1" classname="Order Creation Feature" time="6.657">
    <system-out><![CDATA[
Scenario: Create Sample order in Givconnect1    &amp#27;[90m# src/test/resources/Features/order.feature:11&amp#27;[0m
Login
Inside step1
  &amp#27;[32mGiven &amp#27;[0m&amp#27;[32mNavigate to Givconnect Portal Home Page&amp#27;[0m &amp#27;[90m# StepDefinitions.OrderStepDefinition.navigate_to_Givconnect_Portal_Home_Page()&amp#27;[0m
]]></system-out>
    <system-err><![CDATA[Dec 04, 2024 2:19:31 PM org.openqa.selenium.devtools.CdpVersionFinder findNearestMatch
WARNING: Unable to find CDP implementation matching 131
Dec 04, 2024 2:19:31 PM org.openqa.selenium.chromium.ChromiumDriver lambda$new$5
WARNING: Unable to find version of CDP to use for 131.0.6778.86. You may need to include a dependency on a specific version of the CDP using something similar to `org.seleniumhq.selenium:selenium-devtools-v86:4.18.1` where the version ("v86") matches the version of the chromium-based browser you're using and the version number of the artifact is the same as Selenium's.
]]></system-err>
  </testcase>
</testsuite>