<?xml version="1.0" encoding="UTF-8"?>
<testng-results ignored="0" total="2" passed="2" failed="0" skipped="0">
  <reporter-output>
  </reporter-output>
  <suite started-at="2024-12-19T09:18:45 IST" name="Suite1" finished-at="2024-12-19T09:18:55 IST" duration-ms="10092">
    <groups>
      <group name="cucumber">
        <method signature="TestRunner.runCucumberTest(io.cucumber.testng.PickleWrapper,io.cucumber.testng.FeatureWrapper)[pri:0, instance:Runners.TestRunner@76494737]" name="runCucumberTest" class="Runners.TestRunner"/>
      </group> <!-- cucumber -->
    </groups>
    <test started-at="2024-12-19T09:18:45 IST" name="Test1" finished-at="2024-12-19T09:18:55 IST" duration-ms="10092">
      <class name="Runners.TestRunner">
        <test-method is-config="true" signature="setUpClass()[pri:0, instance:Runners.TestRunner@76494737]" started-at="2024-12-19T09:18:45 IST" name="setUpClass" finished-at="2024-12-19T09:18:45 IST" duration-ms="188" status="PASS">
          <reporter-output>
          </reporter-output>
        </test-method> <!-- setUpClass -->
        <test-method signature="runCucumberTest(io.cucumber.testng.PickleWrapper,io.cucumber.testng.FeatureWrapper)[pri:0, instance:Runners.TestRunner@76494737]" started-at="2024-12-19T09:18:45 IST" name="runCucumberTest" description="Runs Cucumber Scenarios" data-provider="scenarios" finished-at="2024-12-19T09:18:55 IST" duration-ms="10046" status="PASS">
          <params>
            <param index="0">
              <value>
                <![CDATA["Create Sample order in Givconnect"]]>
              </value>
            </param>
            <param index="1">
              <value>
                <![CDATA["order"]]>
              </value>
            </param>
          </params>
          <reporter-output>
          </reporter-output>
        </test-method> <!-- runCucumberTest -->
        <test-method signature="runCucumberTest(io.cucumber.testng.PickleWrapper,io.cucumber.testng.FeatureWrapper)[pri:0, instance:Runners.TestRunner@76494737]" started-at="2024-12-19T09:18:45 IST" name="runCucumberTest" description="Runs Cucumber Scenarios" data-provider="scenarios" finished-at="2024-12-19T09:18:55 IST" duration-ms="9862" status="PASS">
          <params>
            <param index="0">
              <value>
                <![CDATA["Create Sample order in Givconnect1"]]>
              </value>
            </param>
            <param index="1">
              <value>
                <![CDATA["order"]]>
              </value>
            </param>
          </params>
          <reporter-output>
          </reporter-output>
        </test-method> <!-- runCucumberTest -->
        <test-method is-config="true" signature="tearDownClass()[pri:0, instance:Runners.TestRunner@76494737]" started-at="2024-12-19T09:18:55 IST" name="tearDownClass" finished-at="2024-12-19T09:18:55 IST" duration-ms="11" status="PASS">
          <reporter-output>
          </reporter-output>
        </test-method> <!-- tearDownClass -->
      </class> <!-- Runners.TestRunner -->
    </test> <!-- Test1 -->
  </suite> <!-- Suite1 -->
</testng-results>
